c:\users\student\source\repos\hgs-2024\debug\vc142.pdb
c:\users\student\source\repos\hgs-2024\debug\vc142.idb
c:\users\student\source\repos\hgs-2024\debug\tutorial.obj
c:\users\student\source\repos\hgs-2024\debug\title.obj
c:\users\student\source\repos\hgs-2024\debug\sound.obj
c:\users\student\source\repos\hgs-2024\debug\shadow.obj
c:\users\student\source\repos\hgs-2024\debug\result.obj
c:\users\student\source\repos\hgs-2024\debug\ranksetdata.obj
c:\users\student\source\repos\hgs-2024\debug\main.obj
c:\users\student\source\repos\hgs-2024\debug\light.obj
c:\users\student\source\repos\hgs-2024\debug\input.obj
c:\users\student\source\repos\hgs-2024\debug\game.obj
c:\users\student\source\repos\hgs-2024\debug\fade.obj
c:\users\student\source\repos\hgs-2024\debug\rankscore.obj
c:\users\student\source\repos\hgs-2024\debug\ranking.obj
c:\users\student\source\repos\hgs-2024\debug\timer.obj
c:\users\student\source\repos\hgs-2024\debug\score.obj
c:\users\student\source\repos\hgs-2024\debug\pause.obj
c:\users\student\source\repos\hgs-2024\debug\particle.obj
c:\users\student\source\repos\hgs-2024\debug\model.obj
c:\users\student\source\repos\hgs-2024\debug\meshwall.obj
c:\users\student\source\repos\hgs-2024\debug\meshfield.obj
c:\users\student\source\repos\hgs-2024\debug\meshfan.obj
c:\users\student\source\repos\hgs-2024\debug\effect.obj
c:\users\student\source\repos\hgs-2024\debug\camera.obj
c:\users\student\source\repos\hgs-2024\debug\block.obj
c:\users\student\source\repos\hgs-2024\debug\billboard.obj
c:\users\student\source\repos\hgs-2024\debug\player.obj
c:\users\student\source\repos\hgs-2024\debug\enemy.obj
c:\users\student\source\repos\hgs-2024\debug\explosion.obj
c:\users\student\source\repos\hgs-2024\debug\bullet.obj
c:\users\student\desktop\ハッカソン\hgs\hgs-2024\debug\vc142.pdb
c:\users\student\desktop\ハッカソン\hgs\hgs-2024\debug\vc142.idb
c:\users\student\desktop\ハッカソン\hgs\hgs-2024\debug\ranking.obj
c:\users\student\desktop\ハッカソン\hgs\hgs-2024\debug\player.obj
c:\users\student\desktop\ハッカソン\hgs\hgs-2024\debug\pause.obj
c:\users\student\desktop\ハッカソン\hgs\hgs-2024\debug\particle.obj
c:\users\student\desktop\ハッカソン\hgs\hgs-2024\debug\model.obj
c:\users\student\desktop\ハッカソン\hgs\hgs-2024\debug\meshwall.obj
c:\users\student\desktop\ハッカソン\hgs\hgs-2024\debug\meshfield.obj
c:\users\student\desktop\ハッカソン\hgs\hgs-2024\debug\meshfan.obj
c:\users\student\desktop\ハッカソン\hgs\hgs-2024\debug\main.obj
c:\users\student\desktop\ハッカソン\hgs\hgs-2024\debug\light.obj
c:\users\student\desktop\ハッカソン\hgs\hgs-2024\debug\input.obj
c:\users\student\desktop\ハッカソン\hgs\hgs-2024\debug\game.obj
c:\users\student\desktop\ハッカソン\hgs\hgs-2024\debug\fade.obj
c:\users\student\desktop\ハッカソン\hgs\hgs-2024\debug\explosion.obj
c:\users\student\desktop\ハッカソン\hgs\hgs-2024\debug\enemy.obj
c:\users\student\desktop\ハッカソン\hgs\hgs-2024\debug\effect.obj
c:\users\student\desktop\ハッカソン\hgs\hgs-2024\debug\camera.obj
c:\users\student\desktop\ハッカソン\hgs\hgs-2024\debug\bullet.obj
c:\users\student\desktop\ハッカソン\hgs\hgs-2024\debug\block.obj
c:\users\student\desktop\ハッカソン\hgs\hgs-2024\debug\billboard.obj
c:\users\student\desktop\ハッカソン\hgs\hgs-2024\debug\tutorial.obj
c:\users\student\desktop\ハッカソン\hgs\hgs-2024\debug\title.obj
c:\users\student\desktop\ハッカソン\hgs\hgs-2024\debug\timer.obj
c:\users\student\desktop\ハッカソン\hgs\hgs-2024\debug\sound.obj
c:\users\student\desktop\ハッカソン\hgs\hgs-2024\debug\shadow.obj
c:\users\student\desktop\ハッカソン\hgs\hgs-2024\debug\score.obj
c:\users\student\desktop\ハッカソン\hgs\hgs-2024\debug\result.obj
c:\users\student\desktop\ハッカソン\hgs\hgs-2024\debug\ranksetdata.obj
c:\users\student\desktop\ハッカソン\hgs\hgs-2024\debug\rankscore.obj
c:\users\student\source\repos\hgs-2024\debug\hgs-2024.exe
c:\users\student\source\repos\hgs-2024\debug\hgs-2024.ilk
c:\users\student\source\repos\hgs-2024\debug\hgs-2024.pdb
c:\users\student\desktop\ハッカソン\hgs\hgs-2024\debug\hgs-2024.exe
c:\users\student\desktop\ハッカソン\hgs\hgs-2024\debug\hgs-2024.ilk
c:\users\student\desktop\ハッカソン\hgs\hgs-2024\debug\hgs-2024.pdb
c:\users\student\desktop\ハッカソン\hgs\hgs-2024\debug\hgs-2024.tlog\cl.command.1.tlog
c:\users\student\desktop\ハッカソン\hgs\hgs-2024\debug\hgs-2024.tlog\cl.read.1.tlog
c:\users\student\desktop\ハッカソン\hgs\hgs-2024\debug\hgs-2024.tlog\cl.write.1.tlog
c:\users\student\desktop\ハッカソン\hgs\hgs-2024\debug\hgs-2024.tlog\link.command.1.tlog
c:\users\student\desktop\ハッカソン\hgs\hgs-2024\debug\hgs-2024.tlog\link.read.1.tlog
c:\users\student\desktop\ハッカソン\hgs\hgs-2024\debug\hgs-2024.tlog\link.write.1.tlog
