  billboard.cpp
  block.cpp
  bullet.cpp
  camera.cpp
  effect.cpp
  enemy.cpp
  explosion.cpp
  fade.cpp
  game.cpp
  input.cpp
  item.cpp
  light.cpp
  main.cpp
  meshfan.cpp
  meshfield.cpp
  meshwall.cpp
  model.cpp
  motion.cpp
  particle.cpp
C:\Users\student\Desktop\ハッカソン\HGS\particle.cpp(84,15): warning C4244: '初期化中': 'float' から 'int' への変換です。データが失われる可能性があります。
C:\Users\student\Desktop\ハッカソン\HGS\particle.cpp(115,15): warning C4244: '初期化中': 'float' から 'int' への変換です。データが失われる可能性があります。
C:\Users\student\Desktop\ハッカソン\HGS\particle.cpp(145,15): warning C4244: '初期化中': 'float' から 'int' への変換です。データが失われる可能性があります。
  pause.cpp
  コンパイル中...
  player.cpp
C:\Users\student\Desktop\ハッカソン\HGS\player.cpp(354,33): warning C4305: '-=': 'double' から 'float' へ切り詰めます。
  ranking.cpp
  rankscore.cpp
  ranksetdata.cpp
  result.cpp
  score.cpp
  shadow.cpp
  sound.cpp
  Timer.cpp
  Title.cpp
  tutorial.cpp
  tutorial2.cpp
  コード生成しています。
C:\Users\student\Desktop\ハッカソン\HGS\input.cpp(59): warning C4715: 'InitKeyboard': 値を返さないコントロール パスがあります。
  213 of 215 functions (99.1%) were compiled, the rest were copied from previous compilation.
    23 functions were new in current compilation
    0 functions had inline decision re-evaluated but remain unchanged
  コード生成が終了しました。
  hgs-2024.vcxproj -> C:\Users\student\Desktop\ハッカソン\HGS\Release\hgs-2024.exe
