c:\users\student\desktop\hgs\hgs\release\vc142.pdb
c:\users\student\desktop\hgs\hgs\release\pause.obj
c:\users\student\desktop\hgs\hgs\release\particle.obj
c:\users\student\desktop\hgs\hgs\release\motion.obj
c:\users\student\desktop\hgs\hgs\release\model.obj
c:\users\student\desktop\hgs\hgs\release\meshwall.obj
c:\users\student\desktop\hgs\hgs\release\meshfield.obj
c:\users\student\desktop\hgs\hgs\release\meshfan.obj
c:\users\student\desktop\hgs\hgs\release\main.obj
c:\users\student\desktop\hgs\hgs\release\light.obj
c:\users\student\desktop\hgs\hgs\release\item.obj
c:\users\student\desktop\hgs\hgs\release\input.obj
c:\users\student\desktop\hgs\hgs\release\game.obj
c:\users\student\desktop\hgs\hgs\release\fade.obj
c:\users\student\desktop\hgs\hgs\release\explosion.obj
c:\users\student\desktop\hgs\hgs\release\enemy.obj
c:\users\student\desktop\hgs\hgs\release\effect.obj
c:\users\student\desktop\hgs\hgs\release\camera.obj
c:\users\student\desktop\hgs\hgs\release\bullet.obj
c:\users\student\desktop\hgs\hgs\release\block.obj
c:\users\student\desktop\hgs\hgs\release\billboard.obj
c:\users\student\desktop\hgs\hgs\release\tutorial2.obj
c:\users\student\desktop\hgs\hgs\release\tutorial.obj
c:\users\student\desktop\hgs\hgs\release\title.obj
c:\users\student\desktop\hgs\hgs\release\timer.obj
c:\users\student\desktop\hgs\hgs\release\sound.obj
c:\users\student\desktop\hgs\hgs\release\shadow.obj
c:\users\student\desktop\hgs\hgs\release\score.obj
c:\users\student\desktop\hgs\hgs\release\result.obj
c:\users\student\desktop\hgs\hgs\release\ranksetdata.obj
c:\users\student\desktop\hgs\hgs\release\rankscore.obj
c:\users\student\desktop\hgs\hgs\release\ranking.obj
c:\users\student\desktop\hgs\hgs\release\player.obj
c:\users\student\desktop\hgs\hgs\release\hgs-2024.ipdb
c:\users\student\desktop\hgs\hgs\release\hgs-2024.iobj
c:\users\student\desktop\hgs\hgs\release\hgs-2024.exe
c:\users\student\desktop\hgs\hgs\release\hgs-2024.pdb
c:\users\student\desktop\hgs\hgs\release\hgs-2024.tlog\cl.command.1.tlog
c:\users\student\desktop\hgs\hgs\release\hgs-2024.tlog\cl.read.1.tlog
c:\users\student\desktop\hgs\hgs\release\hgs-2024.tlog\cl.write.1.tlog
c:\users\student\desktop\hgs\hgs\release\hgs-2024.tlog\hgs-2024.write.1u.tlog
c:\users\student\desktop\hgs\hgs\release\hgs-2024.tlog\link.command.1.tlog
c:\users\student\desktop\hgs\hgs\release\hgs-2024.tlog\link.read.1.tlog
c:\users\student\desktop\hgs\hgs\release\hgs-2024.tlog\link.write.1.tlog
